0 info it worked if it ends with ok
1 verbose cli [ 'node',
1 verbose cli   'C:\\Users\\ulphj.SCPHA.000\\AppData\\Roaming\\npm\\node_modules\\npm\\bin\\npm-cli.js',
1 verbose cli   'install',
1 verbose cli   'baobab-react@0.999' ]
2 info using npm@2.10.1
3 info using node@v0.12.5
4 verbose install initial load of D:\GitHub\baobab-jspm\package.json
5 warn package.json @ No repository field.
6 warn package.json @ No license field.
7 verbose installManyTop reading scoped package data from D:\GitHub\baobab-jspm\node_modules\babel-core\package.json
8 verbose installManyTop reading scoped package data from D:\GitHub\baobab-jspm\node_modules\babel-loader\package.json
9 verbose installManyTop reading scoped package data from D:\GitHub\baobab-jspm\node_modules\baobab\package.json
10 verbose installManyTop reading scoped package data from D:\GitHub\baobab-jspm\node_modules\baobab-react\package.json
11 verbose installManyTop reading scoped package data from D:\GitHub\baobab-jspm\node_modules\boron\package.json
12 verbose installManyTop reading scoped package data from D:\GitHub\baobab-jspm\node_modules\classnames\package.json
13 verbose installManyTop reading scoped package data from D:\GitHub\baobab-jspm\node_modules\css-loader\package.json
14 verbose installManyTop reading scoped package data from D:\GitHub\baobab-jspm\node_modules\gen-uid\package.json
15 verbose installManyTop reading scoped package data from D:\GitHub\baobab-jspm\node_modules\jshint\package.json
16 verbose installManyTop reading scoped package data from D:\GitHub\baobab-jspm\node_modules\jshint-loader\package.json
17 verbose installManyTop reading scoped package data from D:\GitHub\baobab-jspm\node_modules\less\package.json
18 verbose installManyTop reading scoped package data from D:\GitHub\baobab-jspm\node_modules\less-loader\package.json
19 verbose installManyTop reading scoped package data from D:\GitHub\baobab-jspm\node_modules\node-libs-browser\package.json
20 verbose installManyTop reading scoped package data from D:\GitHub\baobab-jspm\node_modules\react\package.json
21 verbose installManyTop reading scoped package data from D:\GitHub\baobab-jspm\node_modules\style-loader\package.json
22 verbose installManyTop reading scoped package data from D:\GitHub\baobab-jspm\node_modules\webpack\package.json
23 info package.json jshint-loader@0.8.3 No license field.
24 info package.json less-loader@2.2.0 No license field.
25 verbose readDependencies loading dependencies from D:\GitHub\baobab-jspm\package.json
26 silly cache add args [ 'baobab-react@0.999', null ]
27 verbose cache add spec baobab-react@0.999
28 silly cache add parsed spec { raw: 'baobab-react@0.999',
28 silly cache add   scope: null,
28 silly cache add   name: 'baobab-react',
28 silly cache add   rawSpec: '0.999',
28 silly cache add   spec: '>=0.999.0 <0.1000.0',
28 silly cache add   type: 'range' }
29 silly addNamed baobab-react@>=0.999.0 <0.1000.0
30 verbose addNamed ">=0.999.0 <0.1000.0" is a valid semver range for baobab-react
31 silly addNameRange { name: 'baobab-react',
31 silly addNameRange   range: '>=0.999.0 <0.1000.0',
31 silly addNameRange   hasData: false }
32 silly mapToRegistry name baobab-react
33 silly mapToRegistry using default registry
34 silly mapToRegistry registry https://registry.npmjs.org/
35 silly mapToRegistry uri https://registry.npmjs.org/baobab-react
36 verbose addNameRange registry:https://registry.npmjs.org/baobab-react not in flight; fetching
37 verbose request uri https://registry.npmjs.org/baobab-react
38 verbose request no auth needed
39 info attempt registry request try #1 at 11:35:07 AM
40 verbose request id 1fcb7291eb9ca9f4
41 verbose etag "CAF25NBBF03N0AVZ7YTKIA84H"
42 http request GET https://registry.npmjs.org/baobab-react
43 http 304 https://registry.npmjs.org/baobab-react
44 silly get cb [ 304,
44 silly get   { date: 'Fri, 03 Jul 2015 10:35:08 GMT',
44 silly get     via: '1.1 varnish',
44 silly get     'cache-control': 'max-age=60',
44 silly get     etag: '"CAF25NBBF03N0AVZ7YTKIA84H"',
44 silly get     age: '18',
44 silly get     connection: 'keep-alive',
44 silly get     'x-served-by': 'cache-fra1232-FRA',
44 silly get     'x-cache': 'HIT',
44 silly get     'x-cache-hits': '1',
44 silly get     'x-timer': 'S1435919708.102729,VS0,VE0',
44 silly get     vary: 'Accept' } ]
45 verbose etag https://registry.npmjs.org/baobab-react from cache
46 verbose get saving baobab-react to C:\Users\ulphj.SCPHA.000\AppData\Roaming\npm-cache\registry.npmjs.org\baobab-react\.cache.json
47 silly addNameRange number 2 { name: 'baobab-react',
47 silly addNameRange   range: '>=0.999.0 <0.1000.0',
47 silly addNameRange   hasData: true }
48 silly addNameRange versions [ 'baobab-react', [ '0.1.0', '0.1.1' ] ]
49 verbose stack Error: No compatible version found: baobab-react@'>=0.999.0 <0.1000.0'
49 verbose stack Valid install targets:
49 verbose stack ["0.1.0","0.1.1"]
49 verbose stack
49 verbose stack     at installTargetsError (C:\Users\ulphj.SCPHA.000\AppData\Roaming\npm\node_modules\npm\lib\cache\add-named.js:274:12)
49 verbose stack     at next (C:\Users\ulphj.SCPHA.000\AppData\Roaming\npm\node_modules\npm\lib\cache\add-named.js:253:17)
49 verbose stack     at setData (C:\Users\ulphj.SCPHA.000\AppData\Roaming\npm\node_modules\npm\lib\cache\add-named.js:230:5)
49 verbose stack     at RES (C:\Users\ulphj.SCPHA.000\AppData\Roaming\npm\node_modules\npm\node_modules\inflight\inflight.js:23:14)
49 verbose stack     at f (C:\Users\ulphj.SCPHA.000\AppData\Roaming\npm\node_modules\npm\node_modules\once\once.js:17:25)
49 verbose stack     at fixName (C:\Users\ulphj.SCPHA.000\AppData\Roaming\npm\node_modules\npm\lib\cache\add-named.js:29:5)
49 verbose stack     at saved (C:\Users\ulphj.SCPHA.000\AppData\Roaming\npm\node_modules\npm\lib\cache\caching-client.js:173:7)
49 verbose stack     at FSReqWrap.oncomplete (fs.js:95:15)
50 verbose cwd D:\GitHub\baobab-jspm
51 error Windows_NT 6.1.7601
52 error argv "node" "C:\\Users\\ulphj.SCPHA.000\\AppData\\Roaming\\npm\\node_modules\\npm\\bin\\npm-cli.js" "install" "baobab-react@0.999"
53 error node v0.12.5
54 error npm  v2.10.1
55 error code ETARGET
56 error notarget No compatible version found: baobab-react@'>=0.999.0 <0.1000.0'
56 error notarget Valid install targets:
56 error notarget ["0.1.0","0.1.1"]
56 error notarget
56 error notarget This is most likely not a problem with npm itself.
56 error notarget In most cases you or one of your dependencies are requesting
56 error notarget a package version that doesn't exist.
57 verbose exit [ 1, true ]
